2026-02-25 13:14:28,066 - INFO - [DRY RUN] Would move file.docx → Documents
2026-02-25 13:14:28,066 - INFO - [DRY RUN] Would move java file.docx → Documents
2026-02-25 13:14:28,067 - INFO - [DRY RUN] Would move notes.txt → Documents
2026-02-25 13:14:28,067 - INFO - [DRY RUN] Would move twassignment.pdf → Documents
2026-02-25 13:14:28,067 - INFO - [DRY RUN] Would move bale.png → Images
2026-02-25 13:14:28,067 - INFO - [DRY RUN] Would move batman.jpeg → Images
2026-02-25 13:14:28,068 - INFO - [DRY RUN] Would move batman.jpg → Images
2026-02-25 13:15:05,327 - INFO - Moved file.docx → Documents
2026-02-25 13:15:05,327 - INFO - Moved java file.docx → Documents
2026-02-25 13:15:05,328 - INFO - Moved notes.txt → Documents
2026-02-25 13:15:05,328 - INFO - Moved twassignment.pdf → Documents
2026-02-25 13:15:05,328 - INFO - Moved bale.png → Images
2026-02-25 13:15:05,329 - INFO - Moved batman.jpeg → Images
2026-02-25 13:15:05,329 - INFO - Moved batman.jpg → Images
2026-02-25 21:30:02,382 - INFO - Moved file.docx → Documents
2026-02-25 21:30:02,382 - INFO - Moved java file.docx → Documents
2026-02-25 21:30:02,383 - INFO - Moved notes.txt → Documents
2026-02-25 21:30:02,383 - INFO - Moved twassignment.pdf → Documents
2026-02-25 21:30:02,383 - INFO - Moved bale.png → Images
2026-02-25 21:30:02,384 - INFO - Moved batman.jpeg → Images
2026-02-25 21:30:02,384 - INFO - Moved batman.jpg → Images
